<?xml version="1.0" encoding="UTF-8"?>
<testng-results ignored="0" total="2" passed="2" failed="0" skipped="0">
  <reporter-output>
  </reporter-output>
  <suite started-at="2026-07-03T14:27:08 IST" name="SmokeTestSuite" finished-at="2026-07-03T14:27:35 IST" duration-ms="26727">
    <groups>
      <group name="smoke">
        <method signature="LoginTest.testlogin()[pri:0, instance:test.LoginTest@1817d444]" name="testlogin" class="test.LoginTest"/>
        <method signature="LoginTest.testlogin()[pri:0, instance:test.LoginTest@15ff3e9e]" name="testlogin" class="test.LoginTest"/>
      </group> <!-- smoke -->
    </groups>
    <test started-at="2026-07-03T14:27:08 IST" name="Smoke-Chrome" finished-at="2026-07-03T14:27:20 IST" duration-ms="12256">
      <class name="test.LoginTest">
        <test-method is-config="true" signature="setUp(java.lang.String)[pri:0, instance:test.LoginTest@1817d444]" started-at="2026-07-03T14:27:08 IST" name="setUp" finished-at="2026-07-03T14:27:13 IST" duration-ms="4803" status="PASS">
          <params>
            <param index="0">
              <value>
                <![CDATA[chrome]]>
              </value>
            </param>
          </params>
          <reporter-output>
          </reporter-output>
        </test-method> <!-- setUp -->
        <test-method signature="testlogin()[pri:0, instance:test.LoginTest@1817d444]" started-at="2026-07-03T14:27:13 IST" name="testlogin" finished-at="2026-07-03T14:27:20 IST" duration-ms="7350" status="PASS">
          <reporter-output>
          </reporter-output>
        </test-method> <!-- testlogin -->
        <test-method is-config="true" signature="tearDown()[pri:0, instance:test.LoginTest@1817d444]" started-at="2026-07-03T14:27:20 IST" name="tearDown" finished-at="2026-07-03T14:27:20 IST" duration-ms="88" status="PASS">
          <reporter-output>
          </reporter-output>
        </test-method> <!-- tearDown -->
      </class> <!-- test.LoginTest -->
    </test> <!-- Smoke-Chrome -->
    <test started-at="2026-07-03T14:27:20 IST" name="Smoke-Firefox" finished-at="2026-07-03T14:27:35 IST" duration-ms="14441">
      <class name="test.LoginTest">
        <test-method is-config="true" signature="setUp(java.lang.String)[pri:0, instance:test.LoginTest@15ff3e9e]" started-at="2026-07-03T14:27:20 IST" name="setUp" finished-at="2026-07-03T14:27:27 IST" duration-ms="6744" status="PASS">
          <params>
            <param index="0">
              <value>
                <![CDATA[firefox]]>
              </value>
            </param>
          </params>
          <reporter-output>
          </reporter-output>
        </test-method> <!-- setUp -->
        <test-method signature="testlogin()[pri:0, instance:test.LoginTest@15ff3e9e]" started-at="2026-07-03T14:27:27 IST" name="testlogin" finished-at="2026-07-03T14:27:35 IST" duration-ms="7371" status="PASS">
          <reporter-output>
          </reporter-output>
        </test-method> <!-- testlogin -->
        <test-method is-config="true" signature="tearDown()[pri:0, instance:test.LoginTest@15ff3e9e]" started-at="2026-07-03T14:27:35 IST" name="tearDown" finished-at="2026-07-03T14:27:35 IST" duration-ms="323" status="PASS">
          <reporter-output>
          </reporter-output>
        </test-method> <!-- tearDown -->
      </class> <!-- test.LoginTest -->
    </test> <!-- Smoke-Firefox -->
  </suite> <!-- SmokeTestSuite -->
</testng-results>
