<?xml version="1.0" encoding="UTF-8"?>
<testng-results ignored="0" total="1" passed="1" failed="0" skipped="0">
  <reporter-output>
  </reporter-output>
  <suite started-at="2026-07-02T22:46:12 IST" name="SmokeTestSuite" finished-at="2026-07-02T22:46:22 IST" duration-ms="9555">
    <groups>
      <group name="smoke">
        <method signature="LoginTest.testlogin()[pri:0, instance:test.LoginTest@702657cc]" name="testlogin" class="test.LoginTest"/>
      </group> <!-- smoke -->
    </groups>
    <test started-at="2026-07-02T22:46:12 IST" name="Smoke-Chrome" finished-at="2026-07-02T22:46:22 IST" duration-ms="9555">
      <class name="test.LoginTest">
        <test-method is-config="true" signature="setUp(java.lang.String)[pri:0, instance:test.LoginTest@702657cc]" started-at="2026-07-02T22:46:12 IST" name="setUp" finished-at="2026-07-02T22:46:15 IST" duration-ms="2199" status="PASS">
          <params>
            <param index="0">
              <value>
                <![CDATA[chrome]]>
              </value>
            </param>
          </params>
          <reporter-output>
          </reporter-output>
        </test-method> <!-- setUp -->
        <test-method signature="testlogin()[pri:0, instance:test.LoginTest@702657cc]" started-at="2026-07-02T22:46:15 IST" name="testlogin" finished-at="2026-07-02T22:46:22 IST" duration-ms="7337" status="PASS">
          <reporter-output>
          </reporter-output>
        </test-method> <!-- testlogin -->
      </class> <!-- test.LoginTest -->
    </test> <!-- Smoke-Chrome -->
  </suite> <!-- SmokeTestSuite -->
</testng-results>
